<?xml version="1.0" encoding="UTF-8"?>
<testsuite xmlns:xsi="http://www.w3.org/2001/XMLSchema-instance" xsi:noNamespaceSchemaLocation="https://maven.apache.org/surefire/maven-surefire-plugin/xsd/surefire-test-report.xsd" name="com.dmancloud.dinesh.demoapp.DemoappApplicationTests" time="2.551" tests="1" errors="0" skipped="0" failures="0">
  <properties>
    <property name="java.specification.version" value="17"/>
    <property name="sun.cpu.isalist" value="amd64"/>
    <property name="sun.jnu.encoding" value="Cp1252"/>
    <property name="java.class.path" value="D:\LEARNING\CI_CD_PIPELINE\complete-prodcution-e2e-pipeline-main\target\test-classes;D:\LEARNING\CI_CD_PIPELINE\complete-prodcution-e2e-pipeline-main\target\classes;D:\LEARNING\CI_CD_PIPELINE_Dinesh_Mistry\complete-prodcution-e2e-pipeline\org\springframework\boot\spring-boot-starter-data-jdbc\3.0.4\spring-boot-starter-data-jdbc-3.0.4.jar;D:\LEARNING\CI_CD_PIPELINE_Dinesh_Mistry\complete-prodcution-e2e-pipeline\org\springframework\boot\spring-boot-starter-jdbc\3.0.4\spring-boot-starter-jdbc-3.0.4.jar;D:\LEARNING\CI_CD_PIPELINE_Dinesh_Mistry\complete-prodcution-e2e-pipeline\com\zaxxer\HikariCP\5.0.1\HikariCP-5.0.1.jar;D:\LEARNING\CI_CD_PIPELINE_Dinesh_Mistry\complete-prodcution-e2e-pipeline\org\springframework\spring-jdbc\6.0.6\spring-jdbc-6.0.6.jar;D:\LEARNING\CI_CD_PIPELINE_Dinesh_Mistry\complete-prodcution-e2e-pipeline\org\springframework\data\spring-data-jdbc\3.0.3\spring-data-jdbc-3.0.3.jar;D:\LEARNING\CI_CD_PIPELINE_Dinesh_Mistry\complete-prodcution-e2e-pipeline\org\springframework\data\spring-data-relational\3.0.3\spring-data-relational-3.0.3.jar;D:\LEARNING\CI_CD_PIPELINE_Dinesh_Mistry\complete-prodcution-e2e-pipeline\org\springframework\data\spring-data-commons\3.0.3\spring-data-commons-3.0.3.jar;D:\LEARNING\CI_CD_PIPELINE_Dinesh_Mistry\complete-prodcution-e2e-pipeline\org\springframework\spring-tx\6.0.6\spring-tx-6.0.6.jar;D:\LEARNING\CI_CD_PIPELINE_Dinesh_Mistry\complete-prodcution-e2e-pipeline\org\springframework\spring-context\6.0.6\spring-context-6.0.6.jar;D:\LEARNING\CI_CD_PIPELINE_Dinesh_Mistry\complete-prodcution-e2e-pipeline\org\springframework\spring-beans\6.0.6\spring-beans-6.0.6.jar;D:\LEARNING\CI_CD_PIPELINE_Dinesh_Mistry\complete-prodcution-e2e-pipeline\org\slf4j\slf4j-api\2.0.6\slf4j-api-2.0.6.jar;D:\LEARNING\CI_CD_PIPELINE_Dinesh_Mistry\complete-prodcution-e2e-pipeline\org\springframework\boot\spring-boot-starter-web\3.0.4\spring-boot-starter-web-3.0.4.jar;D:\LEARNING\CI_CD_PIPELINE_Dinesh_Mistry\complete-prodcution-e2e-pipeline\org\springframework\boot\spring-boot-starter\3.0.4\spring-boot-starter-3.0.4.jar;D:\LEARNING\CI_CD_PIPELINE_Dinesh_Mistry\complete-prodcution-e2e-pipeline\org\springframework\boot\spring-boot\3.0.4\spring-boot-3.0.4.jar;D:\LEARNING\CI_CD_PIPELINE_Dinesh_Mistry\complete-prodcution-e2e-pipeline\org\springframework\boot\spring-boot-autoconfigure\3.0.4\spring-boot-autoconfigure-3.0.4.jar;D:\LEARNING\CI_CD_PIPELINE_Dinesh_Mistry\complete-prodcution-e2e-pipeline\org\springframework\boot\spring-boot-starter-logging\3.0.4\spring-boot-starter-logging-3.0.4.jar;D:\LEARNING\CI_CD_PIPELINE_Dinesh_Mistry\complete-prodcution-e2e-pipeline\ch\qos\logback\logback-classic\1.4.5\logback-classic-1.4.5.jar;D:\LEARNING\CI_CD_PIPELINE_Dinesh_Mistry\complete-prodcution-e2e-pipeline\ch\qos\logback\logback-core\1.4.5\logback-core-1.4.5.jar;D:\LEARNING\CI_CD_PIPELINE_Dinesh_Mistry\complete-prodcution-e2e-pipeline\org\apache\logging\log4j\log4j-to-slf4j\2.19.0\log4j-to-slf4j-2.19.0.jar;D:\LEARNING\CI_CD_PIPELINE_Dinesh_Mistry\complete-prodcution-e2e-pipeline\org\slf4j\jul-to-slf4j\2.0.6\jul-to-slf4j-2.0.6.jar;D:\LEARNING\CI_CD_PIPELINE_Dinesh_Mistry\complete-prodcution-e2e-pipeline\jakarta\annotation\jakarta.annotation-api\2.1.1\jakarta.annotation-api-2.1.1.jar;D:\LEARNING\CI_CD_PIPELINE_Dinesh_Mistry\complete-prodcution-e2e-pipeline\org\springframework\boot\spring-boot-starter-json\3.0.4\spring-boot-starter-json-3.0.4.jar;D:\LEARNING\CI_CD_PIPELINE_Dinesh_Mistry\complete-prodcution-e2e-pipeline\com\fasterxml\jackson\core\jackson-databind\2.14.2\jackson-databind-2.14.2.jar;D:\LEARNING\CI_CD_PIPELINE_Dinesh_Mistry\complete-prodcution-e2e-pipeline\com\fasterxml\jackson\core\jackson-annotations\2.14.2\jackson-annotations-2.14.2.jar;D:\LEARNING\CI_CD_PIPELINE_Dinesh_Mistry\complete-prodcution-e2e-pipeline\com\fasterxml\jackson\core\jackson-core\2.14.2\jackson-core-2.14.2.jar;D:\LEARNING\CI_CD_PIPELINE_Dinesh_Mistry\complete-prodcution-e2e-pipeline\com\fasterxml\jackson\datatype\jackson-datatype-jdk8\2.14.2\jackson-datatype-jdk8-2.14.2.jar;D:\LEARNING\CI_CD_PIPELINE_Dinesh_Mistry\complete-prodcution-e2e-pipeline\com\fasterxml\jackson\datatype\jackson-datatype-jsr310\2.14.2\jackson-datatype-jsr310-2.14.2.jar;D:\LEARNING\CI_CD_PIPELINE_Dinesh_Mistry\complete-prodcution-e2e-pipeline\com\fasterxml\jackson\module\jackson-module-parameter-names\2.14.2\jackson-module-parameter-names-2.14.2.jar;D:\LEARNING\CI_CD_PIPELINE_Dinesh_Mistry\complete-prodcution-e2e-pipeline\org\springframework\boot\spring-boot-starter-tomcat\3.0.4\spring-boot-starter-tomcat-3.0.4.jar;D:\LEARNING\CI_CD_PIPELINE_Dinesh_Mistry\complete-prodcution-e2e-pipeline\org\apache\tomcat\embed\tomcat-embed-core\10.1.5\tomcat-embed-core-10.1.5.jar;D:\LEARNING\CI_CD_PIPELINE_Dinesh_Mistry\complete-prodcution-e2e-pipeline\org\apache\tomcat\embed\tomcat-embed-el\10.1.5\tomcat-embed-el-10.1.5.jar;D:\LEARNING\CI_CD_PIPELINE_Dinesh_Mistry\complete-prodcution-e2e-pipeline\org\apache\tomcat\embed\tomcat-embed-websocket\10.1.5\tomcat-embed-websocket-10.1.5.jar;D:\LEARNING\CI_CD_PIPELINE_Dinesh_Mistry\complete-prodcution-e2e-pipeline\org\springframework\spring-web\6.0.6\spring-web-6.0.6.jar;D:\LEARNING\CI_CD_PIPELINE_Dinesh_Mistry\complete-prodcution-e2e-pipeline\io\micrometer\micrometer-observation\1.10.4\micrometer-observation-1.10.4.jar;D:\LEARNING\CI_CD_PIPELINE_Dinesh_Mistry\complete-prodcution-e2e-pipeline\io\micrometer\micrometer-commons\1.10.4\micrometer-commons-1.10.4.jar;D:\LEARNING\CI_CD_PIPELINE_Dinesh_Mistry\complete-prodcution-e2e-pipeline\org\springframework\spring-webmvc\6.0.6\spring-webmvc-6.0.6.jar;D:\LEARNING\CI_CD_PIPELINE_Dinesh_Mistry\complete-prodcution-e2e-pipeline\org\springframework\spring-aop\6.0.6\spring-aop-6.0.6.jar;D:\LEARNING\CI_CD_PIPELINE_Dinesh_Mistry\complete-prodcution-e2e-pipeline\org\springframework\spring-expression\6.0.6\spring-expression-6.0.6.jar;D:\LEARNING\CI_CD_PIPELINE_Dinesh_Mistry\complete-prodcution-e2e-pipeline\com\h2database\h2\2.1.214\h2-2.1.214.jar;D:\LEARNING\CI_CD_PIPELINE_Dinesh_Mistry\complete-prodcution-e2e-pipeline\org\springframework\boot\spring-boot-starter-test\3.0.4\spring-boot-starter-test-3.0.4.jar;D:\LEARNING\CI_CD_PIPELINE_Dinesh_Mistry\complete-prodcution-e2e-pipeline\org\springframework\boot\spring-boot-test\3.0.4\spring-boot-test-3.0.4.jar;D:\LEARNING\CI_CD_PIPELINE_Dinesh_Mistry\complete-prodcution-e2e-pipeline\org\springframework\boot\spring-boot-test-autoconfigure\3.0.4\spring-boot-test-autoconfigure-3.0.4.jar;D:\LEARNING\CI_CD_PIPELINE_Dinesh_Mistry\complete-prodcution-e2e-pipeline\com\jayway\jsonpath\json-path\2.7.0\json-path-2.7.0.jar;D:\LEARNING\CI_CD_PIPELINE_Dinesh_Mistry\complete-prodcution-e2e-pipeline\net\minidev\json-smart\2.4.8\json-smart-2.4.8.jar;D:\LEARNING\CI_CD_PIPELINE_Dinesh_Mistry\complete-prodcution-e2e-pipeline\net\minidev\accessors-smart\2.4.8\accessors-smart-2.4.8.jar;D:\LEARNING\CI_CD_PIPELINE_Dinesh_Mistry\complete-prodcution-e2e-pipeline\org\ow2\asm\asm\9.1\asm-9.1.jar;D:\LEARNING\CI_CD_PIPELINE_Dinesh_Mistry\complete-prodcution-e2e-pipeline\jakarta\xml\bind\jakarta.xml.bind-api\4.0.0\jakarta.xml.bind-api-4.0.0.jar;D:\LEARNING\CI_CD_PIPELINE_Dinesh_Mistry\complete-prodcution-e2e-pipeline\jakarta\activation\jakarta.activation-api\2.1.1\jakarta.activation-api-2.1.1.jar;D:\LEARNING\CI_CD_PIPELINE_Dinesh_Mistry\complete-prodcution-e2e-pipeline\org\assertj\assertj-core\3.23.1\assertj-core-3.23.1.jar;D:\LEARNING\CI_CD_PIPELINE_Dinesh_Mistry\complete-prodcution-e2e-pipeline\net\bytebuddy\byte-buddy\1.12.23\byte-buddy-1.12.23.jar;D:\LEARNING\CI_CD_PIPELINE_Dinesh_Mistry\complete-prodcution-e2e-pipeline\org\hamcrest\hamcrest\2.2\hamcrest-2.2.jar;D:\LEARNING\CI_CD_PIPELINE_Dinesh_Mistry\complete-prodcution-e2e-pipeline\org\junit\jupiter\junit-jupiter\5.9.2\junit-jupiter-5.9.2.jar;D:\LEARNING\CI_CD_PIPELINE_Dinesh_Mistry\complete-prodcution-e2e-pipeline\org\junit\jupiter\junit-jupiter-api\5.9.2\junit-jupiter-api-5.9.2.jar;D:\LEARNING\CI_CD_PIPELINE_Dinesh_Mistry\complete-prodcution-e2e-pipeline\org\opentest4j\opentest4j\1.2.0\opentest4j-1.2.0.jar;D:\LEARNING\CI_CD_PIPELINE_Dinesh_Mistry\complete-prodcution-e2e-pipeline\org\junit\platform\junit-platform-commons\1.9.2\junit-platform-commons-1.9.2.jar;D:\LEARNING\CI_CD_PIPELINE_Dinesh_Mistry\complete-prodcution-e2e-pipeline\org\apiguardian\apiguardian-api\1.1.2\apiguardian-api-1.1.2.jar;D:\LEARNING\CI_CD_PIPELINE_Dinesh_Mistry\complete-prodcution-e2e-pipeline\org\junit\jupiter\junit-jupiter-params\5.9.2\junit-jupiter-params-5.9.2.jar;D:\LEARNING\CI_CD_PIPELINE_Dinesh_Mistry\complete-prodcution-e2e-pipeline\org\junit\jupiter\junit-jupiter-engine\5.9.2\junit-jupiter-engine-5.9.2.jar;D:\LEARNING\CI_CD_PIPELINE_Dinesh_Mistry\complete-prodcution-e2e-pipeline\org\junit\platform\junit-platform-engine\1.9.2\junit-platform-engine-1.9.2.jar;D:\LEARNING\CI_CD_PIPELINE_Dinesh_Mistry\complete-prodcution-e2e-pipeline\org\mockito\mockito-core\4.8.1\mockito-core-4.8.1.jar;D:\LEARNING\CI_CD_PIPELINE_Dinesh_Mistry\complete-prodcution-e2e-pipeline\net\bytebuddy\byte-buddy-agent\1.12.23\byte-buddy-agent-1.12.23.jar;D:\LEARNING\CI_CD_PIPELINE_Dinesh_Mistry\complete-prodcution-e2e-pipeline\org\objenesis\objenesis\3.2\objenesis-3.2.jar;D:\LEARNING\CI_CD_PIPELINE_Dinesh_Mistry\complete-prodcution-e2e-pipeline\org\mockito\mockito-junit-jupiter\4.8.1\mockito-junit-jupiter-4.8.1.jar;D:\LEARNING\CI_CD_PIPELINE_Dinesh_Mistry\complete-prodcution-e2e-pipeline\org\skyscreamer\jsonassert\1.5.1\jsonassert-1.5.1.jar;D:\LEARNING\CI_CD_PIPELINE_Dinesh_Mistry\complete-prodcution-e2e-pipeline\com\vaadin\external\google\android-json\0.0.20131108.vaadin1\android-json-0.0.20131108.vaadin1.jar;D:\LEARNING\CI_CD_PIPELINE_Dinesh_Mistry\complete-prodcution-e2e-pipeline\org\springframework\spring-core\6.0.6\spring-core-6.0.6.jar;D:\LEARNING\CI_CD_PIPELINE_Dinesh_Mistry\complete-prodcution-e2e-pipeline\org\springframework\spring-jcl\6.0.6\spring-jcl-6.0.6.jar;D:\LEARNING\CI_CD_PIPELINE_Dinesh_Mistry\complete-prodcution-e2e-pipeline\org\springframework\spring-test\6.0.6\spring-test-6.0.6.jar;D:\LEARNING\CI_CD_PIPELINE_Dinesh_Mistry\complete-prodcution-e2e-pipeline\org\xmlunit\xmlunit-core\2.9.1\xmlunit-core-2.9.1.jar;D:\LEARNING\CI_CD_PIPELINE_Dinesh_Mistry\complete-prodcution-e2e-pipeline\org\yaml\snakeyaml\1.33\snakeyaml-1.33.jar;D:\LEARNING\CI_CD_PIPELINE_Dinesh_Mistry\complete-prodcution-e2e-pipeline\org\apache\logging\log4j\log4j-core\2.16.0\log4j-core-2.16.0.jar;D:\LEARNING\CI_CD_PIPELINE_Dinesh_Mistry\complete-prodcution-e2e-pipeline\org\apache\logging\log4j\log4j-api\2.19.0\log4j-api-2.19.0.jar;D:\LEARNING\CI_CD_PIPELINE_Dinesh_Mistry\complete-prodcution-e2e-pipeline\org\postgresql\postgresql\42.2.8\postgresql-42.2.8.jar;D:\LEARNING\CI_CD_PIPELINE_Dinesh_Mistry\complete-prodcution-e2e-pipeline\org\springframework\boot\spring-boot-starter-thymeleaf\3.0.4\spring-boot-starter-thymeleaf-3.0.4.jar;D:\LEARNING\CI_CD_PIPELINE_Dinesh_Mistry\complete-prodcution-e2e-pipeline\org\thymeleaf\thymeleaf-spring6\3.1.1.RELEASE\thymeleaf-spring6-3.1.1.RELEASE.jar;D:\LEARNING\CI_CD_PIPELINE_Dinesh_Mistry\complete-prodcution-e2e-pipeline\org\thymeleaf\thymeleaf\3.1.1.RELEASE\thymeleaf-3.1.1.RELEASE.jar;D:\LEARNING\CI_CD_PIPELINE_Dinesh_Mistry\complete-prodcution-e2e-pipeline\org\attoparser\attoparser\2.0.6.RELEASE\attoparser-2.0.6.RELEASE.jar;D:\LEARNING\CI_CD_PIPELINE_Dinesh_Mistry\complete-prodcution-e2e-pipeline\org\unbescape\unbescape\1.1.6.RELEASE\unbescape-1.1.6.RELEASE.jar;"/>
    <property name="java.vm.vendor" value="Oracle Corporation"/>
    <property name="sun.arch.data.model" value="64"/>
    <property name="user.variant" value=""/>
    <property name="java.vendor.url" value="https://java.oracle.com/"/>
    <property name="user.timezone" value="Europe/Helsinki"/>
    <property name="user.country.format" value="FI"/>
    <property name="os.name" value="Windows 11"/>
    <property name="java.vm.specification.version" value="17"/>
    <property name="sun.java.launcher" value="SUN_STANDARD"/>
    <property name="user.country" value="GB"/>
    <property name="sun.boot.library.path" value="C:\Program Files\Java\jdk-17\bin"/>
    <property name="sun.java.command" value="C:\Users\munee\AppData\Local\Temp\surefire1491278563892662898\surefirebooter1343448806888323657.jar C:\Users\munee\AppData\Local\Temp\surefire1491278563892662898 2024-02-28T18-28-06_445-jvmRun1 surefire15127461104247790904tmp surefire_09566017189336511932tmp"/>
    <property name="jdk.debug" value="release"/>
    <property name="surefire.test.class.path" value="D:\LEARNING\CI_CD_PIPELINE\complete-prodcution-e2e-pipeline-main\target\test-classes;D:\LEARNING\CI_CD_PIPELINE\complete-prodcution-e2e-pipeline-main\target\classes;D:\LEARNING\CI_CD_PIPELINE_Dinesh_Mistry\complete-prodcution-e2e-pipeline\org\springframework\boot\spring-boot-starter-data-jdbc\3.0.4\spring-boot-starter-data-jdbc-3.0.4.jar;D:\LEARNING\CI_CD_PIPELINE_Dinesh_Mistry\complete-prodcution-e2e-pipeline\org\springframework\boot\spring-boot-starter-jdbc\3.0.4\spring-boot-starter-jdbc-3.0.4.jar;D:\LEARNING\CI_CD_PIPELINE_Dinesh_Mistry\complete-prodcution-e2e-pipeline\com\zaxxer\HikariCP\5.0.1\HikariCP-5.0.1.jar;D:\LEARNING\CI_CD_PIPELINE_Dinesh_Mistry\complete-prodcution-e2e-pipeline\org\springframework\spring-jdbc\6.0.6\spring-jdbc-6.0.6.jar;D:\LEARNING\CI_CD_PIPELINE_Dinesh_Mistry\complete-prodcution-e2e-pipeline\org\springframework\data\spring-data-jdbc\3.0.3\spring-data-jdbc-3.0.3.jar;D:\LEARNING\CI_CD_PIPELINE_Dinesh_Mistry\complete-prodcution-e2e-pipeline\org\springframework\data\spring-data-relational\3.0.3\spring-data-relational-3.0.3.jar;D:\LEARNING\CI_CD_PIPELINE_Dinesh_Mistry\complete-prodcution-e2e-pipeline\org\springframework\data\spring-data-commons\3.0.3\spring-data-commons-3.0.3.jar;D:\LEARNING\CI_CD_PIPELINE_Dinesh_Mistry\complete-prodcution-e2e-pipeline\org\springframework\spring-tx\6.0.6\spring-tx-6.0.6.jar;D:\LEARNING\CI_CD_PIPELINE_Dinesh_Mistry\complete-prodcution-e2e-pipeline\org\springframework\spring-context\6.0.6\spring-context-6.0.6.jar;D:\LEARNING\CI_CD_PIPELINE_Dinesh_Mistry\complete-prodcution-e2e-pipeline\org\springframework\spring-beans\6.0.6\spring-beans-6.0.6.jar;D:\LEARNING\CI_CD_PIPELINE_Dinesh_Mistry\complete-prodcution-e2e-pipeline\org\slf4j\slf4j-api\2.0.6\slf4j-api-2.0.6.jar;D:\LEARNING\CI_CD_PIPELINE_Dinesh_Mistry\complete-prodcution-e2e-pipeline\org\springframework\boot\spring-boot-starter-web\3.0.4\spring-boot-starter-web-3.0.4.jar;D:\LEARNING\CI_CD_PIPELINE_Dinesh_Mistry\complete-prodcution-e2e-pipeline\org\springframework\boot\spring-boot-starter\3.0.4\spring-boot-starter-3.0.4.jar;D:\LEARNING\CI_CD_PIPELINE_Dinesh_Mistry\complete-prodcution-e2e-pipeline\org\springframework\boot\spring-boot\3.0.4\spring-boot-3.0.4.jar;D:\LEARNING\CI_CD_PIPELINE_Dinesh_Mistry\complete-prodcution-e2e-pipeline\org\springframework\boot\spring-boot-autoconfigure\3.0.4\spring-boot-autoconfigure-3.0.4.jar;D:\LEARNING\CI_CD_PIPELINE_Dinesh_Mistry\complete-prodcution-e2e-pipeline\org\springframework\boot\spring-boot-starter-logging\3.0.4\spring-boot-starter-logging-3.0.4.jar;D:\LEARNING\CI_CD_PIPELINE_Dinesh_Mistry\complete-prodcution-e2e-pipeline\ch\qos\logback\logback-classic\1.4.5\logback-classic-1.4.5.jar;D:\LEARNING\CI_CD_PIPELINE_Dinesh_Mistry\complete-prodcution-e2e-pipeline\ch\qos\logback\logback-core\1.4.5\logback-core-1.4.5.jar;D:\LEARNING\CI_CD_PIPELINE_Dinesh_Mistry\complete-prodcution-e2e-pipeline\org\apache\logging\log4j\log4j-to-slf4j\2.19.0\log4j-to-slf4j-2.19.0.jar;D:\LEARNING\CI_CD_PIPELINE_Dinesh_Mistry\complete-prodcution-e2e-pipeline\org\slf4j\jul-to-slf4j\2.0.6\jul-to-slf4j-2.0.6.jar;D:\LEARNING\CI_CD_PIPELINE_Dinesh_Mistry\complete-prodcution-e2e-pipeline\jakarta\annotation\jakarta.annotation-api\2.1.1\jakarta.annotation-api-2.1.1.jar;D:\LEARNING\CI_CD_PIPELINE_Dinesh_Mistry\complete-prodcution-e2e-pipeline\org\springframework\boot\spring-boot-starter-json\3.0.4\spring-boot-starter-json-3.0.4.jar;D:\LEARNING\CI_CD_PIPELINE_Dinesh_Mistry\complete-prodcution-e2e-pipeline\com\fasterxml\jackson\core\jackson-databind\2.14.2\jackson-databind-2.14.2.jar;D:\LEARNING\CI_CD_PIPELINE_Dinesh_Mistry\complete-prodcution-e2e-pipeline\com\fasterxml\jackson\core\jackson-annotations\2.14.2\jackson-annotations-2.14.2.jar;D:\LEARNING\CI_CD_PIPELINE_Dinesh_Mistry\complete-prodcution-e2e-pipeline\com\fasterxml\jackson\core\jackson-core\2.14.2\jackson-core-2.14.2.jar;D:\LEARNING\CI_CD_PIPELINE_Dinesh_Mistry\complete-prodcution-e2e-pipeline\com\fasterxml\jackson\datatype\jackson-datatype-jdk8\2.14.2\jackson-datatype-jdk8-2.14.2.jar;D:\LEARNING\CI_CD_PIPELINE_Dinesh_Mistry\complete-prodcution-e2e-pipeline\com\fasterxml\jackson\datatype\jackson-datatype-jsr310\2.14.2\jackson-datatype-jsr310-2.14.2.jar;D:\LEARNING\CI_CD_PIPELINE_Dinesh_Mistry\complete-prodcution-e2e-pipeline\com\fasterxml\jackson\module\jackson-module-parameter-names\2.14.2\jackson-module-parameter-names-2.14.2.jar;D:\LEARNING\CI_CD_PIPELINE_Dinesh_Mistry\complete-prodcution-e2e-pipeline\org\springframework\boot\spring-boot-starter-tomcat\3.0.4\spring-boot-starter-tomcat-3.0.4.jar;D:\LEARNING\CI_CD_PIPELINE_Dinesh_Mistry\complete-prodcution-e2e-pipeline\org\apache\tomcat\embed\tomcat-embed-core\10.1.5\tomcat-embed-core-10.1.5.jar;D:\LEARNING\CI_CD_PIPELINE_Dinesh_Mistry\complete-prodcution-e2e-pipeline\org\apache\tomcat\embed\tomcat-embed-el\10.1.5\tomcat-embed-el-10.1.5.jar;D:\LEARNING\CI_CD_PIPELINE_Dinesh_Mistry\complete-prodcution-e2e-pipeline\org\apache\tomcat\embed\tomcat-embed-websocket\10.1.5\tomcat-embed-websocket-10.1.5.jar;D:\LEARNING\CI_CD_PIPELINE_Dinesh_Mistry\complete-prodcution-e2e-pipeline\org\springframework\spring-web\6.0.6\spring-web-6.0.6.jar;D:\LEARNING\CI_CD_PIPELINE_Dinesh_Mistry\complete-prodcution-e2e-pipeline\io\micrometer\micrometer-observation\1.10.4\micrometer-observation-1.10.4.jar;D:\LEARNING\CI_CD_PIPELINE_Dinesh_Mistry\complete-prodcution-e2e-pipeline\io\micrometer\micrometer-commons\1.10.4\micrometer-commons-1.10.4.jar;D:\LEARNING\CI_CD_PIPELINE_Dinesh_Mistry\complete-prodcution-e2e-pipeline\org\springframework\spring-webmvc\6.0.6\spring-webmvc-6.0.6.jar;D:\LEARNING\CI_CD_PIPELINE_Dinesh_Mistry\complete-prodcution-e2e-pipeline\org\springframework\spring-aop\6.0.6\spring-aop-6.0.6.jar;D:\LEARNING\CI_CD_PIPELINE_Dinesh_Mistry\complete-prodcution-e2e-pipeline\org\springframework\spring-expression\6.0.6\spring-expression-6.0.6.jar;D:\LEARNING\CI_CD_PIPELINE_Dinesh_Mistry\complete-prodcution-e2e-pipeline\com\h2database\h2\2.1.214\h2-2.1.214.jar;D:\LEARNING\CI_CD_PIPELINE_Dinesh_Mistry\complete-prodcution-e2e-pipeline\org\springframework\boot\spring-boot-starter-test\3.0.4\spring-boot-starter-test-3.0.4.jar;D:\LEARNING\CI_CD_PIPELINE_Dinesh_Mistry\complete-prodcution-e2e-pipeline\org\springframework\boot\spring-boot-test\3.0.4\spring-boot-test-3.0.4.jar;D:\LEARNING\CI_CD_PIPELINE_Dinesh_Mistry\complete-prodcution-e2e-pipeline\org\springframework\boot\spring-boot-test-autoconfigure\3.0.4\spring-boot-test-autoconfigure-3.0.4.jar;D:\LEARNING\CI_CD_PIPELINE_Dinesh_Mistry\complete-prodcution-e2e-pipeline\com\jayway\jsonpath\json-path\2.7.0\json-path-2.7.0.jar;D:\LEARNING\CI_CD_PIPELINE_Dinesh_Mistry\complete-prodcution-e2e-pipeline\net\minidev\json-smart\2.4.8\json-smart-2.4.8.jar;D:\LEARNING\CI_CD_PIPELINE_Dinesh_Mistry\complete-prodcution-e2e-pipeline\net\minidev\accessors-smart\2.4.8\accessors-smart-2.4.8.jar;D:\LEARNING\CI_CD_PIPELINE_Dinesh_Mistry\complete-prodcution-e2e-pipeline\org\ow2\asm\asm\9.1\asm-9.1.jar;D:\LEARNING\CI_CD_PIPELINE_Dinesh_Mistry\complete-prodcution-e2e-pipeline\jakarta\xml\bind\jakarta.xml.bind-api\4.0.0\jakarta.xml.bind-api-4.0.0.jar;D:\LEARNING\CI_CD_PIPELINE_Dinesh_Mistry\complete-prodcution-e2e-pipeline\jakarta\activation\jakarta.activation-api\2.1.1\jakarta.activation-api-2.1.1.jar;D:\LEARNING\CI_CD_PIPELINE_Dinesh_Mistry\complete-prodcution-e2e-pipeline\org\assertj\assertj-core\3.23.1\assertj-core-3.23.1.jar;D:\LEARNING\CI_CD_PIPELINE_Dinesh_Mistry\complete-prodcution-e2e-pipeline\net\bytebuddy\byte-buddy\1.12.23\byte-buddy-1.12.23.jar;D:\LEARNING\CI_CD_PIPELINE_Dinesh_Mistry\complete-prodcution-e2e-pipeline\org\hamcrest\hamcrest\2.2\hamcrest-2.2.jar;D:\LEARNING\CI_CD_PIPELINE_Dinesh_Mistry\complete-prodcution-e2e-pipeline\org\junit\jupiter\junit-jupiter\5.9.2\junit-jupiter-5.9.2.jar;D:\LEARNING\CI_CD_PIPELINE_Dinesh_Mistry\complete-prodcution-e2e-pipeline\org\junit\jupiter\junit-jupiter-api\5.9.2\junit-jupiter-api-5.9.2.jar;D:\LEARNING\CI_CD_PIPELINE_Dinesh_Mistry\complete-prodcution-e2e-pipeline\org\opentest4j\opentest4j\1.2.0\opentest4j-1.2.0.jar;D:\LEARNING\CI_CD_PIPELINE_Dinesh_Mistry\complete-prodcution-e2e-pipeline\org\junit\platform\junit-platform-commons\1.9.2\junit-platform-commons-1.9.2.jar;D:\LEARNING\CI_CD_PIPELINE_Dinesh_Mistry\complete-prodcution-e2e-pipeline\org\apiguardian\apiguardian-api\1.1.2\apiguardian-api-1.1.2.jar;D:\LEARNING\CI_CD_PIPELINE_Dinesh_Mistry\complete-prodcution-e2e-pipeline\org\junit\jupiter\junit-jupiter-params\5.9.2\junit-jupiter-params-5.9.2.jar;D:\LEARNING\CI_CD_PIPELINE_Dinesh_Mistry\complete-prodcution-e2e-pipeline\org\junit\jupiter\junit-jupiter-engine\5.9.2\junit-jupiter-engine-5.9.2.jar;D:\LEARNING\CI_CD_PIPELINE_Dinesh_Mistry\complete-prodcution-e2e-pipeline\org\junit\platform\junit-platform-engine\1.9.2\junit-platform-engine-1.9.2.jar;D:\LEARNING\CI_CD_PIPELINE_Dinesh_Mistry\complete-prodcution-e2e-pipeline\org\mockito\mockito-core\4.8.1\mockito-core-4.8.1.jar;D:\LEARNING\CI_CD_PIPELINE_Dinesh_Mistry\complete-prodcution-e2e-pipeline\net\bytebuddy\byte-buddy-agent\1.12.23\byte-buddy-agent-1.12.23.jar;D:\LEARNING\CI_CD_PIPELINE_Dinesh_Mistry\complete-prodcution-e2e-pipeline\org\objenesis\objenesis\3.2\objenesis-3.2.jar;D:\LEARNING\CI_CD_PIPELINE_Dinesh_Mistry\complete-prodcution-e2e-pipeline\org\mockito\mockito-junit-jupiter\4.8.1\mockito-junit-jupiter-4.8.1.jar;D:\LEARNING\CI_CD_PIPELINE_Dinesh_Mistry\complete-prodcution-e2e-pipeline\org\skyscreamer\jsonassert\1.5.1\jsonassert-1.5.1.jar;D:\LEARNING\CI_CD_PIPELINE_Dinesh_Mistry\complete-prodcution-e2e-pipeline\com\vaadin\external\google\android-json\0.0.20131108.vaadin1\android-json-0.0.20131108.vaadin1.jar;D:\LEARNING\CI_CD_PIPELINE_Dinesh_Mistry\complete-prodcution-e2e-pipeline\org\springframework\spring-core\6.0.6\spring-core-6.0.6.jar;D:\LEARNING\CI_CD_PIPELINE_Dinesh_Mistry\complete-prodcution-e2e-pipeline\org\springframework\spring-jcl\6.0.6\spring-jcl-6.0.6.jar;D:\LEARNING\CI_CD_PIPELINE_Dinesh_Mistry\complete-prodcution-e2e-pipeline\org\springframework\spring-test\6.0.6\spring-test-6.0.6.jar;D:\LEARNING\CI_CD_PIPELINE_Dinesh_Mistry\complete-prodcution-e2e-pipeline\org\xmlunit\xmlunit-core\2.9.1\xmlunit-core-2.9.1.jar;D:\LEARNING\CI_CD_PIPELINE_Dinesh_Mistry\complete-prodcution-e2e-pipeline\org\yaml\snakeyaml\1.33\snakeyaml-1.33.jar;D:\LEARNING\CI_CD_PIPELINE_Dinesh_Mistry\complete-prodcution-e2e-pipeline\org\apache\logging\log4j\log4j-core\2.16.0\log4j-core-2.16.0.jar;D:\LEARNING\CI_CD_PIPELINE_Dinesh_Mistry\complete-prodcution-e2e-pipeline\org\apache\logging\log4j\log4j-api\2.19.0\log4j-api-2.19.0.jar;D:\LEARNING\CI_CD_PIPELINE_Dinesh_Mistry\complete-prodcution-e2e-pipeline\org\postgresql\postgresql\42.2.8\postgresql-42.2.8.jar;D:\LEARNING\CI_CD_PIPELINE_Dinesh_Mistry\complete-prodcution-e2e-pipeline\org\springframework\boot\spring-boot-starter-thymeleaf\3.0.4\spring-boot-starter-thymeleaf-3.0.4.jar;D:\LEARNING\CI_CD_PIPELINE_Dinesh_Mistry\complete-prodcution-e2e-pipeline\org\thymeleaf\thymeleaf-spring6\3.1.1.RELEASE\thymeleaf-spring6-3.1.1.RELEASE.jar;D:\LEARNING\CI_CD_PIPELINE_Dinesh_Mistry\complete-prodcution-e2e-pipeline\org\thymeleaf\thymeleaf\3.1.1.RELEASE\thymeleaf-3.1.1.RELEASE.jar;D:\LEARNING\CI_CD_PIPELINE_Dinesh_Mistry\complete-prodcution-e2e-pipeline\org\attoparser\attoparser\2.0.6.RELEASE\attoparser-2.0.6.RELEASE.jar;D:\LEARNING\CI_CD_PIPELINE_Dinesh_Mistry\complete-prodcution-e2e-pipeline\org\unbescape\unbescape\1.1.6.RELEASE\unbescape-1.1.6.RELEASE.jar;"/>
    <property name="sun.cpu.endian" value="little"/>
    <property name="user.home" value="C:\Users\munee"/>
    <property name="user.language" value="en"/>
    <property name="java.specification.vendor" value="Oracle Corporation"/>
    <property name="java.version.date" value="2024-01-16"/>
    <property name="java.home" value="C:\Program Files\Java\jdk-17"/>
    <property name="file.separator" value="\"/>
    <property name="basedir" value="D:\LEARNING\CI_CD_PIPELINE\complete-prodcution-e2e-pipeline-main"/>
    <property name="java.vm.compressedOopsMode" value="Zero based"/>
    <property name="line.separator" value="&#10;"/>
    <property name="java.vm.specification.vendor" value="Oracle Corporation"/>
    <property name="java.specification.name" value="Java Platform API Specification"/>
    <property name="surefire.real.class.path" value="C:\Users\munee\AppData\Local\Temp\surefire1491278563892662898\surefirebooter1343448806888323657.jar"/>
    <property name="user.script" value=""/>
    <property name="sun.management.compiler" value="HotSpot 64-Bit Tiered Compilers"/>
    <property name="java.runtime.version" value="17.0.10+11-LTS-240"/>
    <property name="user.name" value="munee"/>
    <property name="path.separator" value=";"/>
    <property name="os.version" value="10.0"/>
    <property name="java.runtime.name" value="Java(TM) SE Runtime Environment"/>
    <property name="file.encoding" value="Cp1252"/>
    <property name="java.vm.name" value="Java HotSpot(TM) 64-Bit Server VM"/>
    <property name="localRepository" value="D:\LEARNING\CI_CD_PIPELINE_Dinesh_Mistry\complete-prodcution-e2e-pipeline"/>
    <property name="java.vendor.url.bug" value="https://bugreport.java.com/bugreport/"/>
    <property name="java.io.tmpdir" value="C:\Users\munee\AppData\Local\Temp\"/>
    <property name="java.version" value="17.0.10"/>
    <property name="user.dir" value="D:\LEARNING\CI_CD_PIPELINE\complete-prodcution-e2e-pipeline-main"/>
    <property name="os.arch" value="amd64"/>
    <property name="java.vm.specification.name" value="Java Virtual Machine Specification"/>
    <property name="sun.os.patch.level" value=""/>
    <property name="native.encoding" value="Cp1252"/>
    <property name="java.library.path" value="C:\Program Files\Java\jdk-17\bin;C:\WINDOWS\Sun\Java\bin;C:\WINDOWS\system32;C:\WINDOWS;C:\Users\munee\bin;C:\Program Files\Git\mingw64\bin;C:\Program Files\Git\usr\local\bin;C:\Program Files\Git\usr\bin;C:\Program Files\Git\usr\bin;C:\Program Files\Git\mingw64\bin;C:\Program Files\Git\usr\bin;C:\Users\munee\bin;C:\Program Files\Common Files\Oracle\Java\javapath;C:\Program Files (x86)\Common Files\Oracle\Java\javapath;C:\Program Files\Python312\Scripts;C:\Program Files\Python312;C:\WINDOWS\system32;C:\WINDOWS;C:\WINDOWS\System32\Wbem;C:\WINDOWS\System32\WindowsPowerShell\v1.0;C:\WINDOWS\System32\OpenSSH;C:\Program Files\Git\cmd;C:\Users\munee\AppData\Roaming\Python\Python312\Scripts;C:\Users\munee\.wdm\drivers\chromedriver\win64\121.0.6167.57\chromedriver-win32;C:\Users\munee\.wdm\drivers\geckodriver\win64\v0.34.0;C:\Program Files\nodejs;C:\Program Files\nodejs\node_modules;C:\Program Files\WinMerge;C:\Users\munee\AppData\Roaming\Python\Python312\Scripts;C:\Program Files\Docker\Docker\resources\bin;C:\Program Files\MySQL\MySQL Shell 8.0\bin;C:\Users\munee\AppData\Local\Microsoft\WindowsApps;C:\Users\munee\AppData\Local\JetBrains\PyCharm Edu 2022.2.2\bin;D:\LEARNING\MY_LEARNING\DRIVERS;C:\Users\munee\AppData\Local\Programs\Microsoft VS Code\bin;C:\Users\munee\AppData\Roaming\Python\Python312\Scripts;C:\Program Files\JetBrains\PyCharm 2023.3.2\bin;C:\Users\munee\.wdm\drivers\chromedriver\win64\121.0.6167.57\chromedriver-win32;C:\Users\munee\.wdm\drivers\geckodriver\win64\v0.34.0;D:\LEARNING\MY_LEARNING\ROBOTFRAMEWORK_PYCHARM\ROBOTFRAMEWORK\nopCommerceApp\.venv\Lib\site-packages;C:\Program Files\MySQL\MySQL Server 8.0\bin;C:\Program Files\Java\jdk-17\bin;C:\Users\munee\AppData\Local\Android\Sdk\tools;C:\Users\munee\AppData\Local\Android\Sdk\platform-tools;C:\Users\munee\AppData\Local\Android\sdk\emulator;C:\Users\munee\AppData\Roaming\npm;C:\Users\munee\AppData\Local\Android\sdk\bundletool;C:\Users\munee\AppData\Local\Android\sdk\ffmpeg\bin;G:\gstreamer\1.0\msvc_x86_64\bin;C:\Users\munee\AppData\Local\Android\sdk\tools\bin;C:\Program Files\Java\jdk-1.8\lib;C:\Program Files\Android\Android Studio1\plugins\test-recorder\lib\swt.jar;C:\Program Files\Android\Android Studio\lib;C:\Program Files\Jenkins;C:\Program Files\JetBrains\PyCharm Community Edition 2023.3.3\bin;C:\Program Files\APACHE_MAVEN\bin;C:\Program Files\Git\usr\bin\vendor_perl;C:\Program Files\Git\usr\bin\core_perl;."/>
    <property name="java.vm.info" value="mixed mode, sharing"/>
    <property name="java.vendor" value="Oracle Corporation"/>
    <property name="java.vm.version" value="17.0.10+11-LTS-240"/>
    <property name="sun.io.unicode.encoding" value="UnicodeLittle"/>
    <property name="java.class.version" value="61.0"/>
  </properties>
  <testcase name="contextLoads" classname="com.dmancloud.dinesh.demoapp.DemoappApplicationTests" time="0.386"/>
</testsuite>